<?xml version="1.0" encoding="UTF-8"?>
<!-- Generated by org.testng.reporters.JUnitReportReporter -->
<testsuite skipped="0" hostname="SERVER154" name="smoketests.ATagsTest" tests="1" failures="0" timestamp="2020-02-28T15:44:27 ICT" time="5.141" errors="0">
  <testcase name="loginElementsPresentTest" time="5.141" classname="smoketests.ATagsTest"/>
</testsuite> <!-- smoketests.ATagsTest -->
