<?xml version="1.0" encoding="UTF-8"?>
<!-- Generated by org.testng.reporters.JUnitReportReporter -->
<testsuite skipped="0" hostname="SERVER154" name="smoketests.ATagsTest" tests="1" failures="0" timestamp="2020-03-26T13:04:35 ICT" time="8.986" errors="0">
  <testcase name="loginElementsPresentTest" time="8.986" classname="smoketests.ATagsTest"/>
</testsuite> <!-- smoketests.ATagsTest -->
