<?xml version="1.0" encoding="UTF-8"?>
<!-- Generated by org.testng.reporters.JUnitReportReporter -->
<testsuite skipped="0" hostname="SERVER154" name="tests.WorkspaceEWC" tests="1" failures="0" timestamp="2020-03-22T21:14:04 ICT" time="7.306" errors="0">
  <testcase name="testChat" time="7.306" classname="tests.WorkspaceEWC"/>
  <system-out/>
</testsuite> <!-- tests.WorkspaceEWC -->
