<?xml version="1.0" encoding="UTF-8"?>
<!-- Generated by org.testng.reporters.JUnitReportReporter -->
<testsuite skipped="0" hostname="SERVER154" name="tests.WorkspaceEWC2" tests="1" failures="0" timestamp="2020-03-16T14:34:57 ICT" time="16.607" errors="0">
  <testcase name="EWC" time="16.607" classname="tests.WorkspaceEWC2"/>
</testsuite> <!-- tests.WorkspaceEWC2 -->
