<?xml version="1.0" encoding="UTF-8"?>
<!-- Generated by org.testng.reporters.JUnitReportReporter -->
<testsuite skipped="0" hostname="SERVER154" name="tests.Temp" tests="1" failures="0" timestamp="2020-03-21T23:47:39 ICT" time="15.114" errors="0">
  <testcase name="hotelReservation" time="15.114" classname="tests.Temp"/>
  <system-out/>
</testsuite> <!-- tests.Temp -->
