<?xml version="1.0" encoding="UTF-8"?>
<!-- Generated by org.testng.reporters.JUnitReportReporter -->
<testsuite skipped="0" hostname="SERVER154" name="tests.LoginDDT" tests="4" failures="0" timestamp="2020-03-10T08:43:24 ICT" time="0.021" errors="0">
  <testcase name="loginTest" time="0.015" classname="tests.LoginDDT"/>
  <testcase name="loginTest" time="0.002" classname="tests.LoginDDT"/>
  <testcase name="loginTest" time="0.002" classname="tests.LoginDDT"/>
  <testcase name="loginTest" time="0.002" classname="tests.LoginDDT"/>
</testsuite> <!-- tests.LoginDDT -->
