<?xml version="1.0" encoding="UTF-8"?>
<!-- Generated by org.testng.reporters.JUnitReportReporter -->
<testsuite skipped="0" hostname="SERVER154" name="tests.WorkspaceEWC" tests="1" failures="0" timestamp="2020-03-16T15:25:54 ICT" time="24.837" errors="0">
  <testcase name="EWC" time="24.837" classname="tests.WorkspaceEWC"/>
</testsuite> <!-- tests.WorkspaceEWC -->
