<?xml version="1.0" encoding="UTF-8"?>
<!-- Generated by org.testng.reporters.JUnitReportReporter -->
<testsuite skipped="0" hostname="SERVER154" name="tests.WorkspaceEWC" tests="1" failures="0" timestamp="2020-03-20T18:10:01 ICT" time="36.697" errors="0">
  <testcase name="EWC" time="36.697" classname="tests.WorkspaceEWC"/>
  <system-out/>
</testsuite> <!-- tests.WorkspaceEWC -->
