<?xml version="1.0" encoding="UTF-8"?>
<!-- Generated by org.testng.reporters.JUnitReportReporter -->
<testsuite skipped="0" hostname="SERVER154" name="smoketests.loginPresentTestNG" tests="2" failures="0" timestamp="2020-02-28T15:44:27 ICT" time="8.928" errors="0">
  <testcase name="loginElementsPresentTest" time="4.599" classname="smoketests.loginPresentTestNG"/>
  <testcase name="loginElementsPresentTest" time="4.329" classname="smoketests.loginPresentTestNG"/>
</testsuite> <!-- smoketests.loginPresentTestNG -->
