<?xml version="1.0" encoding="UTF-8"?>
<!-- Generated by org.testng.reporters.JUnitReportReporter -->
<testsuite skipped="0" hostname="SERVER154" name="tests.WorkspaceEWC2" tests="1" failures="0" timestamp="2020-03-20T22:26:48 ICT" time="14.002" errors="0">
  <testcase name="TEST" time="14.002" classname="tests.WorkspaceEWC2"/>
  <system-out/>
</testsuite> <!-- tests.WorkspaceEWC2 -->
