<?xml version="1.0" encoding="UTF-8"?>
<!-- Generated by org.testng.reporters.JUnitReportReporter -->
<testsuite skipped="0" hostname="SERVER154" name="smoketests.loginPresentTestNG" tests="2" failures="0" timestamp="2020-03-26T13:04:35 ICT" time="11.718" errors="0">
  <testcase name="loginElementsPresentTest" time="4.924" classname="smoketests.loginPresentTestNG"/>
  <testcase name="loginElementsPresentTest" time="6.794" classname="smoketests.loginPresentTestNG"/>
</testsuite> <!-- smoketests.loginPresentTestNG -->
