<?xml version="1.0" encoding="UTF-8"?>
<!-- Generated by org.testng.reporters.JUnitReportReporter -->
<testsuite skipped="0" hostname="SERVER154" name="tests.Temp" tests="1" failures="0" timestamp="2020-03-11T00:31:35 ICT" time="35.548" errors="0">
  <testcase name="hotelReservation" time="35.548" classname="tests.Temp"/>
</testsuite> <!-- tests.Temp -->
