<?xml version="1.0" encoding="UTF-8"?>
<!-- Generated by org.testng.reporters.JUnitReportReporter -->
<testsuite skipped="0" hostname="SERVER154" name="tests.WorkspaceEWC2" tests="1" failures="0" timestamp="2020-03-26T08:55:31 ICT" time="10.038" errors="0">
  <testcase name="EWC" time="10.038" classname="tests.WorkspaceEWC2"/>
  <system-out/>
</testsuite> <!-- tests.WorkspaceEWC2 -->
